{
"contracts\\RewardToken.sol":{"l":{"14":12,"18":3},"path":"C:\\Users\\Admin\\Desktop\\Applicature\\Vesting\\contracts\\RewardToken.sol","s":{"1":12,"2":3},"b":{},"f":{"1":12,"2":3},"fnMap":{"1":{"name":"constructor","line":13,"loc":{"start":{"line":13,"column":4},"end":{"line":15,"column":4}}},"2":{"name":"mint","line":17,"loc":{"start":{"line":17,"column":4},"end":{"line":19,"column":4}}}},"statementMap":{"1":{"start":{"line":14,"column":8},"end":{"line":14,"column":32}},"2":{"start":{"line":18,"column":8},"end":{"line":18,"column":29}}},"branchMap":{}},
"contracts\\TokenVesting.sol":{"l":{"35":8,"36":6,"47":14,"48":12,"56":6,"57":4,"58":4,"59":4,"60":4,"74":5,"75":3,"76":3,"77":3,"78":6,"79":6,"80":6,"81":6,"83":3,"90":9,"91":7,"92":7,"93":7,"94":7,"95":7,"96":7,"97":7,"101":7,"102":7,"103":7,"104":7,"105":1,"107":2,"108":1,"110":1,"113":2,"114":1,"115":1,"117":1,"118":1,"120":2,"121":2,"122":2,"124":2},"path":"C:\\Users\\Admin\\Desktop\\Applicature\\Vesting\\contracts\\TokenVesting.sol","s":{"1":8,"2":14,"3":12,"4":6,"5":4,"6":4,"7":4,"8":4,"9":5,"10":3,"11":3,"12":3,"13":6,"14":6,"15":6,"16":6,"17":3,"18":9,"19":7,"20":7,"21":7,"22":7,"23":7,"24":7,"25":7,"26":7,"27":7,"28":7,"29":7,"30":1,"31":6,"32":2,"33":1,"34":1,"35":4,"36":2,"37":1,"38":1,"39":1,"40":1,"41":2,"42":2,"43":2,"44":2},"b":{"1":[6,2],"2":[12,2],"3":[4,2],"4":[3,2],"5":[7,2],"6":[1,6],"7":[2,4],"8":[1,1],"9":[2,2],"10":[1,1]},"f":{"1":8,"2":14,"3":6,"4":5,"5":9,"6":7},"fnMap":{"1":{"name":"setTimestampOnlyOnce","line":34,"loc":{"start":{"line":34,"column":4},"end":{"line":37,"column":4}}},"2":{"name":"constructor","line":44,"loc":{"start":{"line":44,"column":4},"end":{"line":49,"column":4}}},"3":{"name":"setInitialTimestamp","line":55,"loc":{"start":{"line":55,"column":4},"end":{"line":61,"column":4}}},"4":{"name":"addInvestors","line":73,"loc":{"start":{"line":69,"column":4},"end":{"line":84,"column":4}}},"5":{"name":"withdrawTokens","line":89,"loc":{"start":{"line":89,"column":4},"end":{"line":98,"column":4}}},"6":{"name":"_calculateUnlockedPercentage","line":100,"loc":{"start":{"line":100,"column":4},"end":{"line":126,"column":4}}}},"statementMap":{"1":{"start":{"line":35,"column":8},"end":{"line":35,"column":82}},"2":{"start":{"line":47,"column":8},"end":{"line":47,"column":61}},"3":{"start":{"line":48,"column":8},"end":{"line":48,"column":34}},"4":{"start":{"line":56,"column":8},"end":{"line":56,"column":67}},"5":{"start":{"line":57,"column":8},"end":{"line":57,"column":43}},"6":{"start":{"line":58,"column":8},"end":{"line":58,"column":51}},"7":{"start":{"line":59,"column":8},"end":{"line":59,"column":48}},"8":{"start":{"line":60,"column":8},"end":{"line":60,"column":36}},"9":{"start":{"line":74,"column":8},"end":{"line":74,"column":126}},"10":{"start":{"line":75,"column":8},"end":{"line":75,"column":32}},"11":{"start":{"line":76,"column":8},"end":{"line":76,"column":32}},"12":{"start":{"line":77,"column":8},"end":{"line":77,"column":2529}},"13":{"start":{"line":78,"column":12},"end":{"line":78,"column":46}},"14":{"start":{"line":79,"column":12},"end":{"line":79,"column":49}},"15":{"start":{"line":80,"column":12},"end":{"line":80,"column":55}},"16":{"start":{"line":81,"column":12},"end":{"line":81,"column":48}},"17":{"start":{"line":83,"column":8},"end":{"line":83,"column":50}},"18":{"start":{"line":90,"column":8},"end":{"line":90,"column":69}},"19":{"start":{"line":91,"column":8},"end":{"line":91,"column":59}},"20":{"start":{"line":92,"column":8},"end":{"line":92,"column":91}},"21":{"start":{"line":93,"column":8},"end":{"line":93,"column":86}},"22":{"start":{"line":94,"column":8},"end":{"line":94,"column":64}},"23":{"start":{"line":95,"column":8},"end":{"line":95,"column":57}},"24":{"start":{"line":96,"column":8},"end":{"line":96,"column":50}},"25":{"start":{"line":97,"column":8},"end":{"line":97,"column":48}},"26":{"start":{"line":101,"column":8},"end":{"line":101,"column":50}},"27":{"start":{"line":102,"column":8},"end":{"line":102,"column":33}},"28":{"start":{"line":103,"column":8},"end":{"line":103,"column":33}},"29":{"start":{"line":104,"column":8},"end":{"line":104,"column":3804}},"30":{"start":{"line":105,"column":12},"end":{"line":105,"column":20}},"31":{"start":{"line":106,"column":15},"end":{"line":106,"column":3885}},"32":{"start":{"line":107,"column":12},"end":{"line":107,"column":3937}},"33":{"start":{"line":108,"column":16},"end":{"line":108,"column":27}},"34":{"start":{"line":110,"column":16},"end":{"line":110,"column":28}},"35":{"start":{"line":112,"column":16},"end":{"line":112,"column":4093}},"36":{"start":{"line":113,"column":12},"end":{"line":113,"column":4150}},"37":{"start":{"line":114,"column":16},"end":{"line":114,"column":39}},"38":{"start":{"line":115,"column":16},"end":{"line":115,"column":39}},"39":{"start":{"line":117,"column":16},"end":{"line":117,"column":40}},"40":{"start":{"line":118,"column":16},"end":{"line":118,"column":40}},"41":{"start":{"line":120,"column":12},"end":{"line":120,"column":75}},"42":{"start":{"line":121,"column":12},"end":{"line":121,"column":92}},"43":{"start":{"line":122,"column":12},"end":{"line":122,"column":57}},"44":{"start":{"line":124,"column":12},"end":{"line":124,"column":29}}},"branchMap":{"1":{"line":35,"type":"if","locations":[{"start":{"line":35,"column":8},"end":{"line":35,"column":8}},{"start":{"line":35,"column":8},"end":{"line":35,"column":8}}]},"2":{"line":47,"type":"if","locations":[{"start":{"line":47,"column":8},"end":{"line":47,"column":8}},{"start":{"line":47,"column":8},"end":{"line":47,"column":8}}]},"3":{"line":56,"type":"if","locations":[{"start":{"line":56,"column":8},"end":{"line":56,"column":8}},{"start":{"line":56,"column":8},"end":{"line":56,"column":8}}]},"4":{"line":74,"type":"if","locations":[{"start":{"line":74,"column":8},"end":{"line":74,"column":8}},{"start":{"line":74,"column":8},"end":{"line":74,"column":8}}]},"5":{"line":90,"type":"if","locations":[{"start":{"line":90,"column":8},"end":{"line":90,"column":8}},{"start":{"line":90,"column":8},"end":{"line":90,"column":8}}]},"6":{"line":104,"type":"if","locations":[{"start":{"line":104,"column":8},"end":{"line":104,"column":8}},{"start":{"line":104,"column":8},"end":{"line":104,"column":8}}]},"7":{"line":106,"type":"if","locations":[{"start":{"line":106,"column":15},"end":{"line":106,"column":15}},{"start":{"line":106,"column":15},"end":{"line":106,"column":15}}]},"8":{"line":107,"type":"if","locations":[{"start":{"line":107,"column":12},"end":{"line":107,"column":12}},{"start":{"line":107,"column":12},"end":{"line":107,"column":12}}]},"9":{"line":112,"type":"if","locations":[{"start":{"line":112,"column":16},"end":{"line":112,"column":16}},{"start":{"line":112,"column":16},"end":{"line":112,"column":16}}]},"10":{"line":113,"type":"if","locations":[{"start":{"line":113,"column":12},"end":{"line":113,"column":12}},{"start":{"line":113,"column":12},"end":{"line":113,"column":12}}]}}}}
