TN:
SF:C:\Users\Admin\Desktop\Applicature\Vesting\contracts\RewardToken.sol
FN:13,constructor
FN:17,mint
FNF:2
FNH:2
FNDA:12,constructor
FNDA:3,mint
DA:14,12
DA:18,3
LF:2
LH:2
BRF:0
BRH:0
end_of_record
TN:
SF:C:\Users\Admin\Desktop\Applicature\Vesting\contracts\TokenVesting.sol
FN:34,setTimestampOnlyOnce
FN:44,constructor
FN:55,setInitialTimestamp
FN:73,addInvestors
FN:89,withdrawTokens
FN:100,_calculateUnlockedPercentage
FNF:6
FNH:6
FNDA:8,setTimestampOnlyOnce
FNDA:14,constructor
FNDA:6,setInitialTimestamp
FNDA:5,addInvestors
FNDA:9,withdrawTokens
FNDA:7,_calculateUnlockedPercentage
DA:35,8
DA:36,6
DA:47,14
DA:48,12
DA:56,6
DA:57,4
DA:58,4
DA:59,4
DA:60,4
DA:74,5
DA:75,3
DA:76,3
DA:77,3
DA:78,6
DA:79,6
DA:80,6
DA:81,6
DA:83,3
DA:90,9
DA:91,7
DA:92,7
DA:93,7
DA:94,7
DA:95,7
DA:96,7
DA:97,7
DA:101,7
DA:102,7
DA:103,7
DA:104,7
DA:105,1
DA:107,2
DA:108,1
DA:110,1
DA:113,2
DA:114,1
DA:115,1
DA:117,1
DA:118,1
DA:120,2
DA:121,2
DA:122,2
DA:124,2
LF:43
LH:43
BRDA:35,1,0,6
BRDA:35,1,1,2
BRDA:47,2,0,12
BRDA:47,2,1,2
BRDA:56,3,0,4
BRDA:56,3,1,2
BRDA:74,4,0,3
BRDA:74,4,1,2
BRDA:90,5,0,7
BRDA:90,5,1,2
BRDA:104,6,0,1
BRDA:104,6,1,6
BRDA:106,7,0,2
BRDA:106,7,1,4
BRDA:107,8,0,1
BRDA:107,8,1,1
BRDA:112,9,0,2
BRDA:112,9,1,2
BRDA:113,10,0,1
BRDA:113,10,1,1
BRF:20
BRH:20
end_of_record
